Terminals unused in grammar

    "_cast"
    "class"
    "extends"
    "method"
    "nil"


State 0 conflicts: 5 shift/reduce, 1 reduce/reduce
State 2 conflicts: 1 reduce/reduce
State 9 conflicts: 5 shift/reduce, 1 reduce/reduce
State 24 conflicts: 5 shift/reduce, 2 reduce/reduce
State 26 conflicts: 2 shift/reduce
State 28 conflicts: 5 shift/reduce, 2 reduce/reduce
State 29 conflicts: 1 shift/reduce, 6 reduce/reduce
State 64 conflicts: 1 shift/reduce
State 122 conflicts: 12 shift/reduce
State 158 conflicts: 12 shift/reduce
State 166 conflicts: 12 shift/reduce


Grammar

    0 $accept: program "end of file"

    1 program: exp
    2        | chunks

    3 rec_exps: ";" exp
    4         | ε

    5 exps: exp rec_exps
    6     | ε

    7 record_creation: typeid "=" exp record_init
    8                | ε

    9 record_init: "," "identifier" "=" exp
   10            | "," "identifier" "=" exp record_init

   11 function_param: exp
   12               | exp "," function_param

   13 method_call: "," exp
   14            | ε

   15 exp: "integer"
   16    | "string"
   17    | typeid "[" exp "]" "of" exp
   18    | typeid "{" record_creation "}"
   19    | lvalue
   20    | "identifier" "(" ")"
   21    | "identifier" "(" function_param ")"
   22    | "-" exp
   23    | exp "+" exp
   24    | exp "-" exp
   25    | exp "*" exp
   26    | exp "/" exp
   27    | exp "=" exp
   28    | exp "<>" exp
   29    | exp ">" exp
   30    | exp "<" exp
   31    | exp ">=" exp
   32    | exp "<=" exp
   33    | exp "&" exp
   34    | exp "|" exp
   35    | "(" exps ")"
   36    | lvalue ":=" exp
   37    | "if" exp "then" exp
   38    | "if" exp "then" exp "else" exp
   39    | "while" exp "do" exp
   40    | "for" "identifier" ":=" exp "to" exp "do" exp
   41    | "break"
   42    | "let" chunks "in" exps "end"
   43    | "new" typeid
   44    | lvalue "." "identifier" "(" ")"
   45    | lvalue "." "identifier" "(" exp method_call ")"

   46 lvalue: "identifier"
   47       | lvalue "." "identifier"
   48       | lvalue "[" exp "]"

   49 tydec_rec: tydec
   50          | tydec tydec_rec

   51 fundec_rec: fundec
   52           | fundec fundec_rec

   53 chunk_rec: chunk
   54          | chunk chunk_rec

   55 chunk: ε
   56      | tydec_rec
   57      | fundec_rec
   58      | vardec
   59      | "import" "string"

   60 vardec: "var" "identifier" ":=" exp
   61       | "var" "identifier" ":" typeid ":=" exp

   62 fundec: "function" "identifier" "(" tyfields ")" "=" exp
   63       | "function" "identifier" "(" tyfields ")" ":" typeid "=" exp
   64       | "primitive" "identifier" "(" tyfields ")"
   65       | "primitive" "identifier" "(" tyfields ")" ":" typeid

   66 chunks: ε
   67       | tychunk chunks
   68       | chunk_rec

   69 tychunk: tydec
   70        | tydec tychunk

   71 tydec: "type" "identifier" "=" ty

   72 ty: typeid
   73   | "{" tyfields "}"
   74   | "array" "of" typeid

   75 tyfields: ε
   76         | tyfields.1

   77 tyfields.1: tyfields.1 "," tyfield
   78           | tyfield

   79 tyfield: "identifier" ":" typeid

   80 typeid: "identifier"
   81       | "_namety" "(" "integer" ")"


Terminals, with rules where they appear

    "end of file" (0) 0
    error (256)
    "string" <std::string> (258) 16 59
    "identifier" <misc::symbol> (259) 9 10 20 21 40 44 45 46 47 60 61 62 63 64 65 71 79 80
    "integer" <int> (260) 15 81
    "&" (261) 33
    "array" (262) 74
    ":=" (263) 36 40 60 61
    "break" (264) 41
    "_cast" (265)
    "class" (266)
    ":" (267) 61 63 65 79
    "," (268) 9 10 12 13 77
    "/" (269) 26
    "do" (270) 39 40
    "." (271) 44 45 47
    "else" (272) 38
    "end" (273) 42
    "=" (274) 7 9 10 27 62 63 71
    "extends" (275)
    "for" (276) 40
    "function" (277) 62 63
    ">=" (278) 31
    ">" (279) 29
    "if" (280) 37 38
    "import" (281) 59
    "in" (282) 42
    "{" (283) 18 73
    "[" (284) 17 48
    "<=" (285) 32
    "let" (286) 42
    "(" (287) 20 21 35 44 45 62 63 64 65 81
    "<" (288) 30
    "-" (289) 22 24
    "method" (290)
    "<>" (291) 28
    "new" (292) 43
    "nil" (293)
    "of" (294) 17 74
    "|" (295) 34
    "+" (296) 23
    "primitive" (297) 64 65
    "}" (298) 18 73
    "]" (299) 17 48
    ")" (300) 20 21 35 44 45 62 63 64 65 81
    ";" (301) 3
    "then" (302) 37 38
    "*" (303) 25
    "to" (304) 40
    "type" (305) 71
    "var" (306) 60 61
    "while" (307) 39
    UMINUS (308)
    "_chunks" (309)
    "_namety" (310) 81


Nonterminals, with rules where they appear

    $accept (56)
        on left: 0
    program (57)
        on left: 1 2
        on right: 0
    rec_exps (58)
        on left: 3 4
        on right: 5
    exps (59)
        on left: 5 6
        on right: 35 42
    record_creation (60)
        on left: 7 8
        on right: 18
    record_init (61)
        on left: 9 10
        on right: 7 10
    function_param (62)
        on left: 11 12
        on right: 12 21
    method_call (63)
        on left: 13 14
        on right: 45
    exp (64)
        on left: 15 16 17 18 19 20 21 22 23 24 25 26 27 28 29 30 31 32 33 34 35 36 37 38 39 40 41 42 43 44 45
        on right: 1 3 5 7 9 10 11 12 13 17 22 23 24 25 26 27 28 29 30 31 32 33 34 36 37 38 39 40 45 48 60 61 62 63
    lvalue (65)
        on left: 46 47 48
        on right: 19 36 44 45 47 48
    tydec_rec (66)
        on left: 49 50
        on right: 50 56
    fundec_rec (67)
        on left: 51 52
        on right: 52 57
    chunk_rec (68)
        on left: 53 54
        on right: 54 68
    chunk (69)
        on left: 55 56 57 58 59
        on right: 53 54
    vardec (70)
        on left: 60 61
        on right: 58
    fundec (71)
        on left: 62 63 64 65
        on right: 51 52
    chunks (72)
        on left: 66 67 68
        on right: 2 42 67
    tychunk (73)
        on left: 69 70
        on right: 67 70
    tydec (74)
        on left: 71
        on right: 49 50 69 70
    ty (75)
        on left: 72 73 74
        on right: 71
    tyfields (76)
        on left: 75 76
        on right: 62 63 64 65 73
    tyfields.1 (77)
        on left: 77 78
        on right: 76 77
    tyfield (78)
        on left: 79
        on right: 77 78
    typeid (79)
        on left: 80 81
        on right: 7 17 18 43 61 63 65 72 74 79


State 0

    0 $accept: • program "end of file"
    1 program: • exp
    2        | • chunks
   15 exp: • "integer"
   16    | • "string"
   17    | • typeid "[" exp "]" "of" exp
   18    | • typeid "{" record_creation "}"
   19    | • lvalue
   20    | • "identifier" "(" ")"
   21    | • "identifier" "(" function_param ")"
   22    | • "-" exp
   23    | • exp "+" exp
   24    | • exp "-" exp
   25    | • exp "*" exp
   26    | • exp "/" exp
   27    | • exp "=" exp
   28    | • exp "<>" exp
   29    | • exp ">" exp
   30    | • exp "<" exp
   31    | • exp ">=" exp
   32    | • exp "<=" exp
   33    | • exp "&" exp
   34    | • exp "|" exp
   35    | • "(" exps ")"
   36    | • lvalue ":=" exp
   37    | • "if" exp "then" exp
   38    | • "if" exp "then" exp "else" exp
   39    | • "while" exp "do" exp
   40    | • "for" "identifier" ":=" exp "to" exp "do" exp
   41    | • "break"
   42    | • "let" chunks "in" exps "end"
   43    | • "new" typeid
   44    | • lvalue "." "identifier" "(" ")"
   45    | • lvalue "." "identifier" "(" exp method_call ")"
   46 lvalue: • "identifier"
   47       | • lvalue "." "identifier"
   48       | • lvalue "[" exp "]"
   49 tydec_rec: • tydec
   50          | • tydec tydec_rec
   51 fundec_rec: • fundec
   52           | • fundec fundec_rec
   53 chunk_rec: • chunk
   54          | • chunk chunk_rec
   55 chunk: ε •  ["end of file", "function", "import", "primitive", "type", "var"]
   56      | • tydec_rec
   57      | • fundec_rec
   58      | • vardec
   59      | • "import" "string"
   60 vardec: • "var" "identifier" ":=" exp
   61       | • "var" "identifier" ":" typeid ":=" exp
   62 fundec: • "function" "identifier" "(" tyfields ")" "=" exp
   63       | • "function" "identifier" "(" tyfields ")" ":" typeid "=" exp
   64       | • "primitive" "id